<?xml version="1.0" encoding="UTF-8"?>
<testsuite xmlns:xsi="http://www.w3.org/2001/XMLSchema-instance" xsi:noNamespaceSchemaLocation="https://maven.apache.org/surefire/maven-surefire-plugin/xsd/surefire-test-report-3.0.xsd" version="3.0" name="game.object.BallTest" time="0.158" tests="8" errors="0" skipped="0" failures="0">
  <properties>
[...]
</properties>
  <testcase name="testMoveChangesPosition" classname="game.object.BallTest" time="0.133"/>
  <testcase name="testDirectionSettersAndGetters" classname="game.object.BallTest" time="0.0"/>
  <testcase name="testSetSpeedLimit" classname="game.object.BallTest" time="0.0"/>
  <testcase name="testHasBouncedSetterGetter" classname="game.object.BallTest" time="0.0"/>
  <testcase name="testCollisionWithOtherObject" classname="game.object.BallTest" time="0.008"/>
  <testcase name="testBounceOffRightWall" classname="game.object.BallTest" time="0.0"/>
  <testcase name="testBounceOffLeftWall" classname="game.object.BallTest" time="0.0"/>
  <testcase name="testBounceOffTopWall" classname="game.object.BallTest" time="0.0"/>
</testsuite>